<?xml version="1.0" encoding="UTF-8"?>
<!-- Generated by org.testng.reporters.JUnitReportReporter -->
<testsuite name="com.test.CucumberProject.runner.TestNgRunner" tests="2" time="0.485" ignored="0" failures="0" timestamp="24 Feb 2020 06:08:55 GMT" skipped="0" hostname="INAIRDT542670" errors="0">
  <testcase name="runScenario" time="0.043" classname="com.test.CucumberProject.runner.TestNgRunner"/>
  <testcase name="runScenario" time="0.442" classname="com.test.CucumberProject.runner.TestNgRunner"/>
</testsuite> <!-- com.test.CucumberProject.runner.TestNgRunner -->
